<?xml version="1.0" encoding="UTF-8"?>
<!-- Generated by org.testng.reporters.JUnitReportReporter -->
<testsuite hostname="LAPTOP-TMLDU4N1" failures="0" tests="2" name="com.Test.SeleniumProject.Valid_Credentials" time="24.789" errors="0" timestamp="2024-09-11T22:04:44 IST" skipped="0">
  <testcase classname="com.Test.SeleniumProject.Valid_Credentials" name="unsuccessfulLoginTest" time="12.570"/>
  <system-out/>
  <testcase classname="com.Test.SeleniumProject.Valid_Credentials" name="successfulLoginTest" time="12.219"/>
  <system-out/>
</testsuite> <!-- com.Test.SeleniumProject.Valid_Credentials -->
